0 info it worked if it ends with ok
1 verbose cli [ '/usr/local/bin/node', '/usr/local/bin/npm', 'publish' ]
2 info using npm@3.10.10
3 info using node@v6.9.4
4 verbose publish [ '.' ]
5 silly cache add args [ '.', null ]
6 verbose cache add spec .
7 silly cache add parsed spec Result {
7 silly cache add   raw: '.',
7 silly cache add   scope: null,
7 silly cache add   escapedName: null,
7 silly cache add   name: null,
7 silly cache add   rawSpec: '.',
7 silly cache add   spec: '/Users/danielearwicker/Documents/src/bidi-mobx',
7 silly cache add   type: 'directory' }
8 verbose addLocalDirectory /Users/danielearwicker/.npm/bidi-mobx/0.11.0/package.tgz not in flight; packing
9 verbose correctMkdir /Users/danielearwicker/.npm correctMkdir not in flight; initializing
10 info lifecycle bidi-mobx@0.11.0~prepublish: bidi-mobx@0.11.0
11 verbose lifecycle bidi-mobx@0.11.0~prepublish: unsafe-perm in lifecycle true
12 verbose lifecycle bidi-mobx@0.11.0~prepublish: PATH: /usr/local/lib/node_modules/npm/bin/node-gyp-bin:/Users/danielearwicker/Documents/src/bidi-mobx/node_modules/.bin:/usr/local/bin:/usr/bin:/bin:/usr/sbin:/sbin:/opt/X11/bin:/usr/local/share/dotnet/bin
13 verbose lifecycle bidi-mobx@0.11.0~prepublish: CWD: /Users/danielearwicker/Documents/src/bidi-mobx
14 silly lifecycle bidi-mobx@0.11.0~prepublish: Args: [ '-c', 'npm run build && npm run test' ]
15 silly lifecycle bidi-mobx@0.11.0~prepublish: Returned: code: 1  signal: null
16 info lifecycle bidi-mobx@0.11.0~prepublish: Failed to exec prepublish script
17 error addLocal Could not install /Users/danielearwicker/Documents/src/bidi-mobx
18 verbose stack Error: bidi-mobx@0.11.0 prepublish: `npm run build && npm run test`
18 verbose stack Exit status 1
18 verbose stack     at EventEmitter.<anonymous> (/usr/local/lib/node_modules/npm/lib/utils/lifecycle.js:255:16)
18 verbose stack     at emitTwo (events.js:106:13)
18 verbose stack     at EventEmitter.emit (events.js:191:7)
18 verbose stack     at ChildProcess.<anonymous> (/usr/local/lib/node_modules/npm/lib/utils/spawn.js:40:14)
18 verbose stack     at emitTwo (events.js:106:13)
18 verbose stack     at ChildProcess.emit (events.js:191:7)
18 verbose stack     at maybeClose (internal/child_process.js:877:16)
18 verbose stack     at Process.ChildProcess._handle.onexit (internal/child_process.js:226:5)
19 verbose pkgid bidi-mobx@0.11.0
20 verbose cwd /Users/danielearwicker/Documents/src/bidi-mobx
21 error Darwin 16.3.0
22 error argv "/usr/local/bin/node" "/usr/local/bin/npm" "publish"
23 error node v6.9.4
24 error npm  v3.10.10
25 error code ELIFECYCLE
26 error bidi-mobx@0.11.0 prepublish: `npm run build && npm run test`
26 error Exit status 1
27 error Failed at the bidi-mobx@0.11.0 prepublish script 'npm run build && npm run test'.
27 error Make sure you have the latest version of node.js and npm installed.
27 error If you do, this is most likely a problem with the bidi-mobx package,
27 error not with npm itself.
27 error Tell the author that this fails on your system:
27 error     npm run build && npm run test
27 error You can get information on how to open an issue for this project with:
27 error     npm bugs bidi-mobx
27 error Or if that isn't available, you can get their info via:
27 error     npm owner ls bidi-mobx
27 error There is likely additional logging output above.
28 verbose exit [ 1, true ]
